


ARM Macro Assembler    Page 1 


    1 00000000         ;******************** (C) COPYRIGHT 2016 STMicroelectron
                       ics ********************
    2 00000000         ;* File Name          : startup_stm32f071xb.s
    3 00000000         ;* Author             : MCD Application Team
    4 00000000         ;* Version            : V2.3.0
    5 00000000         ;* Date               : 27-May-2016
    6 00000000         ;* Description        : STM32F071x8/STM32F071xB devices 
                       vector table for MDK-ARM toolchain.
    7 00000000         ;*                      This module performs:
    8 00000000         ;*                      - Set the initial SP
    9 00000000         ;*                      - Set the initial PC == Reset_Ha
                       ndler
   10 00000000         ;*                      - Set the vector table entries w
                       ith the exceptions ISR address
   11 00000000         ;*                      - Branches to __main in the C li
                       brary (which eventually
   12 00000000         ;*                        calls main()).
   13 00000000         ;*                      After Reset the CortexM0 process
                       or is in Thread mode,
   14 00000000         ;*                      priority is Privileged, and the 
                       Stack is set to Main.
   15 00000000         ;* <<< Use Configuration Wizard in Context Menu >>>
   16 00000000         ;*******************************************************
                       ************************
   17 00000000         ;*
   18 00000000         ;* Redistribution and use in source and binary forms, wi
                       th or without modification,
   19 00000000         ;* are permitted provided that the following conditions 
                       are met:
   20 00000000         ;*   1. Redistributions of source code must retain the a
                       bove copyright notice,
   21 00000000         ;*      this list of conditions and the following discla
                       imer.
   22 00000000         ;*   2. Redistributions in binary form must reproduce th
                       e above copyright notice,
   23 00000000         ;*      this list of conditions and the following discla
                       imer in the documentation
   24 00000000         ;*      and/or other materials provided with the distrib
                       ution.
   25 00000000         ;*   3. Neither the name of STMicroelectronics nor the n
                       ames of its contributors
   26 00000000         ;*      may be used to endorse or promote products deriv
                       ed from this software
   27 00000000         ;*      without specific prior written permission.
   28 00000000         ;*
   29 00000000         ;* THIS SOFTWARE IS PROVIDED BY THE COPYRIGHT HOLDERS AN
                       D CONTRIBUTORS "AS IS"
   30 00000000         ;* AND ANY EXPRESS OR IMPLIED WARRANTIES, INCLUDING, BUT
                        NOT LIMITED TO, THE
   31 00000000         ;* IMPLIED WARRANTIES OF MERCHANTABILITY AND FITNESS FOR
                        A PARTICULAR PURPOSE ARE
   32 00000000         ;* DISCLAIMED. IN NO EVENT SHALL THE COPYRIGHT HOLDER OR
                        CONTRIBUTORS BE LIABLE
   33 00000000         ;* FOR ANY DIRECT, INDIRECT, INCIDENTAL, SPECIAL, EXEMPL
                       ARY, OR CONSEQUENTIAL
   34 00000000         ;* DAMAGES (INCLUDING, BUT NOT LIMITED TO, PROCUREMENT O
                       F SUBSTITUTE GOODS OR
   35 00000000         ;* SERVICES; LOSS OF USE, DATA, OR PROFITS; OR BUSINESS 
                       INTERRUPTION) HOWEVER



ARM Macro Assembler    Page 2 


   36 00000000         ;* CAUSED AND ON ANY THEORY OF LIABILITY, WHETHER IN CON
                       TRACT, STRICT LIABILITY,
   37 00000000         ;* OR TORT (INCLUDING NEGLIGENCE OR OTHERWISE) ARISING I
                       N ANY WAY OUT OF THE USE
   38 00000000         ;* OF THIS SOFTWARE, EVEN IF ADVISED OF THE POSSIBILITY 
                       OF SUCH DAMAGE.
   39 00000000         ;
   40 00000000         ;*******************************************************
                       ************************
   41 00000000         
   42 00000000         ; Amount of memory (in bytes) allocated for Stack
   43 00000000         ; Tailor this value to your application needs
   44 00000000         ; <h> Stack Configuration
   45 00000000         ;   <o> Stack Size (in Bytes) <0x0-0xFFFFFFFF:8>
   46 00000000         ; </h>
   47 00000000         
   48 00000000 00000400 
                       Stack_Size
                               EQU              0x400
   49 00000000         
   50 00000000                 AREA             STACK, NOINIT, READWRITE, ALIGN
=3
   51 00000000         Stack_Mem
                               SPACE            Stack_Size
   52 00000400         __initial_sp
   53 00000400         
   54 00000400         
   55 00000400         ; <h> Heap Configuration
   56 00000400         ;   <o>  Heap Size (in Bytes) <0x0-0xFFFFFFFF:8>
   57 00000400         ; </h>
   58 00000400         
   59 00000400 00000200 
                       Heap_Size
                               EQU              0x200
   60 00000400         
   61 00000400                 AREA             HEAP, NOINIT, READWRITE, ALIGN=
3
   62 00000000         __heap_base
   63 00000000         Heap_Mem
                               SPACE            Heap_Size
   64 00000200         __heap_limit
   65 00000200         
   66 00000200                 PRESERVE8
   67 00000200                 THUMB
   68 00000200         
   69 00000200         
   70 00000200         ; Vector Table Mapped to Address 0 at Reset
   71 00000200                 AREA             RESET, DATA, READONLY
   72 00000000                 EXPORT           __Vectors
   73 00000000                 EXPORT           __Vectors_End
   74 00000000                 EXPORT           __Vectors_Size
   75 00000000         
   76 00000000                 IMPORT           NMI_Handler
   77 00000000                 IMPORT           HardFault_Handler
   78 00000000                 IMPORT           SVC_Handler
   79 00000000                 IMPORT           PendSV_Handler
   80 00000000                 IMPORT           SysTick_Handler
   81 00000000                 IMPORT           EXTI2_3_IRQHandler
   82 00000000                 IMPORT           EXTI4_15_IRQHandler



ARM Macro Assembler    Page 3 


   83 00000000                 IMPORT           DMA1_Channel1_IRQHandler
   84 00000000                 IMPORT           DMA1_Channel2_3_IRQHandler
   85 00000000                 IMPORT           DMA1_Channel4_5_6_7_IRQHandler
   86 00000000                 IMPORT           SPI1_IRQHandler
   87 00000000                 IMPORT           SPI2_IRQHandler
   88 00000000                 IMPORT           I2C1_IRQHandler
   89 00000000                 IMPORT           I2C2_IRQHandler
   90 00000000                 IMPORT           USART1_IRQHandler
   91 00000000                 IMPORT           USART2_IRQHandler
   92 00000000                 IMPORT           USART3_4_IRQHandler
   93 00000000                 IMPORT           TIM1_CC_IRQHandler
   94 00000000                 IMPORT           TIM2_IRQHandler
   95 00000000                 IMPORT           TIM3_IRQHandler
   96 00000000                 IMPORT           TIM14_IRQHandler
   97 00000000                 IMPORT           TIM15_IRQHandler
   98 00000000                 IMPORT           TIM16_IRQHandler
   99 00000000                 IMPORT           TIM17_IRQHandler
  100 00000000                 IMPORT           Default_IRQHandler
  101 00000000         
  102 00000000 00000000 
                       __Vectors
                               DCD              __initial_sp ; Top of Stack
  103 00000004 00000000        DCD              Reset_Handler ; Reset Handler
  104 00000008 00000000        DCD              NMI_Handler ; NMI Handler
  105 0000000C 00000000        DCD              HardFault_Handler ; Hard Fault 
                                                            Handler
  106 00000010 00000000        DCD              0           ; Reserved
  107 00000014 00000000        DCD              0           ; Reserved
  108 00000018 00000000        DCD              0           ; Reserved
  109 0000001C 00000000        DCD              0           ; Reserved
  110 00000020 00000000        DCD              0           ; Reserved
  111 00000024 00000000        DCD              0           ; Reserved
  112 00000028 00000000        DCD              0           ; Reserved
  113 0000002C 00000000        DCD              SVC_Handler ; SVCall Handler
  114 00000030 00000000        DCD              0           ; Reserved
  115 00000034 00000000        DCD              0           ; Reserved
  116 00000038 00000000        DCD              PendSV_Handler ; PendSV Handler
                                                            
  117 0000003C 00000000        DCD              SysTick_Handler 
                                                            ; SysTick Handler
  118 00000040         
  119 00000040         ; External Interrupts
  120 00000040 00000000        DCD              Default_IRQHandler 
                                                            ; Window Watchdog
  121 00000044 00000000        DCD              Default_IRQHandler ; PVD throug
                                                            h EXTI Line detect
  122 00000048 00000000        DCD              Default_IRQHandler ; RTC throug
                                                            h EXTI Line
  123 0000004C 00000000        DCD              Default_IRQHandler ; FLASH
  124 00000050 00000000        DCD              Default_IRQHandler 
                                                            ; RCC and CRS
  125 00000054 00000000        DCD              Default_IRQHandler 
                                                            ; EXTI Line 0 and 1
                                                            
  126 00000058 00000000        DCD              EXTI2_3_IRQHandler 
                                                            ; EXTI Line 2 and 3
                                                            
  127 0000005C 00000000        DCD              EXTI4_15_IRQHandler 
                                                            ; EXTI Line 4 to 15



ARM Macro Assembler    Page 4 


                                                            
  128 00000060 00000000        DCD              Default_IRQHandler ; TS
  129 00000064 00000000        DCD              DMA1_Channel1_IRQHandler 
                                                            ; DMA1 Channel 1
  130 00000068 00000000        DCD              DMA1_Channel2_3_IRQHandler ; DM
                                                            A1 Channel 2 and Ch
                                                            annel 3
  131 0000006C 00000000        DCD              DMA1_Channel4_5_6_7_IRQHandler 
                                                            ; DMA1 Channel 4, C
                                                            hannel 5, Channel 6
                                                             and Channel 7
  132 00000070 00000000        DCD              Default_IRQHandler ; ADC1, COMP
                                                            1 and COMP2 
  133 00000074 00000000        DCD              Default_IRQHandler ; TIM1 Break
                                                            , Update, Trigger a
                                                            nd Commutation
  134 00000078 00000000        DCD              TIM1_CC_IRQHandler ; TIM1 Captu
                                                            re Compare
  135 0000007C 00000000        DCD              TIM2_IRQHandler ; TIM2
  136 00000080 00000000        DCD              TIM3_IRQHandler ; TIM3
  137 00000084 00000000        DCD              Default_IRQHandler 
                                                            ; TIM6 and DAC
  138 00000088 00000000        DCD              Default_IRQHandler ; TIM7
  139 0000008C 00000000        DCD              TIM14_IRQHandler ; TIM14
  140 00000090 00000000        DCD              TIM15_IRQHandler ; TIM15
  141 00000094 00000000        DCD              TIM16_IRQHandler ; TIM16
  142 00000098 00000000        DCD              TIM17_IRQHandler ; TIM17
  143 0000009C 00000000        DCD              I2C1_IRQHandler ; I2C1
  144 000000A0 00000000        DCD              I2C2_IRQHandler ; I2C2
  145 000000A4 00000000        DCD              SPI1_IRQHandler ; SPI1
  146 000000A8 00000000        DCD              SPI2_IRQHandler ; SPI2
  147 000000AC 00000000        DCD              USART1_IRQHandler ; USART1
  148 000000B0 00000000        DCD              USART2_IRQHandler ; USART2
  149 000000B4 00000000        DCD              USART3_4_IRQHandler 
                                                            ; USART3 & USART4
  150 000000B8 00000000        DCD              Default_IRQHandler ; CEC
  151 000000BC         
  152 000000BC         __Vectors_End
  153 000000BC         
  154 000000BC 000000BC 
                       __Vectors_Size
                               EQU              __Vectors_End - __Vectors
  155 000000BC         
  156 000000BC                 AREA             |.text|, CODE, READONLY
  157 00000000         
  158 00000000         ; Reset handler routine
  159 00000000         Reset_Handler
                               PROC
  160 00000000                 EXPORT           Reset_Handler                 [
WEAK]
  161 00000000                 IMPORT           __main
  162 00000000                 IMPORT           SystemInit
  163 00000000 4804            LDR              R0, =SystemInit
  164 00000002 4780            BLX              R0
  165 00000004 4804            LDR              R0, =__main
  166 00000006 4700            BX               R0
  167 00000008                 ENDP
  168 00000008         
  169 00000008         



ARM Macro Assembler    Page 5 


  170 00000008         
  171 00000008                 ALIGN
  172 00000008         
  173 00000008         ;*******************************************************
                       ************************
  174 00000008         ; User Stack and Heap initialization
  175 00000008         ;*******************************************************
                       ************************
  176 00000008                 IF               :DEF:__MICROLIB
  183 00000008         
  184 00000008                 IMPORT           __use_two_region_memory
  185 00000008                 EXPORT           __user_initial_stackheap
  186 00000008         
  187 00000008         __user_initial_stackheap
  188 00000008         
  189 00000008 4804            LDR              R0, =  Heap_Mem
  190 0000000A 4905            LDR              R1, =(Stack_Mem + Stack_Size)
  191 0000000C 4A05            LDR              R2, = (Heap_Mem +  Heap_Size)
  192 0000000E 4B06            LDR              R3, = Stack_Mem
  193 00000010 4770            BX               LR
  194 00000012         
  195 00000012 00 00           ALIGN
  196 00000014         
  197 00000014                 ENDIF
  198 00000014         
  199 00000014                 END
              00000000 
              00000000 
              00000000 
              00000400 
              00000200 
              00000000 
Command Line: --debug --xref --diag_suppress=9931 --cpu=Cortex-M0 --apcs=interw
ork --depend=.\objects\startup_stm32f071xb.d -o.\objects\startup_stm32f071xb.o 
-IE:\海悟工作文件夹\给EEP写FF\改EEP_V2\project\RTE -ID:\Keil\ARM\PACK\ARM\CMSIS
\4.5.0\CMSIS\Include -ID:\Keil\ARM\PACK\Keil\STM32F0xx_DFP\1.5.0\Device\Include
 --predefine="__UVISION_VERSION SETA 521" --predefine="_RTE_ SETA 1" --predefin
e="STM32F071xB SETA 1" --list=.\listings\startup_stm32f071xb.lst ..\LIB\startup
_stm32f071xb.s



ARM Macro Assembler    Page 1 Alphabetic symbol ordering
Relocatable symbols

STACK 00000000

Symbol: STACK
   Definitions
      At line 50 in file ..\LIB\startup_stm32f071xb.s
   Uses
      None
Comment: STACK unused
Stack_Mem 00000000

Symbol: Stack_Mem
   Definitions
      At line 51 in file ..\LIB\startup_stm32f071xb.s
   Uses
      At line 190 in file ..\LIB\startup_stm32f071xb.s
      At line 192 in file ..\LIB\startup_stm32f071xb.s

__initial_sp 00000400

Symbol: __initial_sp
   Definitions
      At line 52 in file ..\LIB\startup_stm32f071xb.s
   Uses
      At line 102 in file ..\LIB\startup_stm32f071xb.s
Comment: __initial_sp used once
3 symbols



ARM Macro Assembler    Page 1 Alphabetic symbol ordering
Relocatable symbols

HEAP 00000000

Symbol: HEAP
   Definitions
      At line 61 in file ..\LIB\startup_stm32f071xb.s
   Uses
      None
Comment: HEAP unused
Heap_Mem 00000000

Symbol: Heap_Mem
   Definitions
      At line 63 in file ..\LIB\startup_stm32f071xb.s
   Uses
      At line 189 in file ..\LIB\startup_stm32f071xb.s
      At line 191 in file ..\LIB\startup_stm32f071xb.s

__heap_base 00000000

Symbol: __heap_base
   Definitions
      At line 62 in file ..\LIB\startup_stm32f071xb.s
   Uses
      None
Comment: __heap_base unused
__heap_limit 00000200

Symbol: __heap_limit
   Definitions
      At line 64 in file ..\LIB\startup_stm32f071xb.s
   Uses
      None
Comment: __heap_limit unused
4 symbols



ARM Macro Assembler    Page 1 Alphabetic symbol ordering
Relocatable symbols

RESET 00000000

Symbol: RESET
   Definitions
      At line 71 in file ..\LIB\startup_stm32f071xb.s
   Uses
      None
Comment: RESET unused
__Vectors 00000000

Symbol: __Vectors
   Definitions
      At line 102 in file ..\LIB\startup_stm32f071xb.s
   Uses
      At line 72 in file ..\LIB\startup_stm32f071xb.s
      At line 154 in file ..\LIB\startup_stm32f071xb.s

__Vectors_End 000000BC

Symbol: __Vectors_End
   Definitions
      At line 152 in file ..\LIB\startup_stm32f071xb.s
   Uses
      At line 73 in file ..\LIB\startup_stm32f071xb.s
      At line 154 in file ..\LIB\startup_stm32f071xb.s

3 symbols



ARM Macro Assembler    Page 1 Alphabetic symbol ordering
Relocatable symbols

.text 00000000

Symbol: .text
   Definitions
      At line 156 in file ..\LIB\startup_stm32f071xb.s
   Uses
      None
Comment: .text unused
Reset_Handler 00000000

Symbol: Reset_Handler
   Definitions
      At line 159 in file ..\LIB\startup_stm32f071xb.s
   Uses
      At line 103 in file ..\LIB\startup_stm32f071xb.s
      At line 160 in file ..\LIB\startup_stm32f071xb.s

__user_initial_stackheap 00000008

Symbol: __user_initial_stackheap
   Definitions
      At line 187 in file ..\LIB\startup_stm32f071xb.s
   Uses
      At line 185 in file ..\LIB\startup_stm32f071xb.s
Comment: __user_initial_stackheap used once
3 symbols



ARM Macro Assembler    Page 1 Alphabetic symbol ordering
Absolute symbols

Heap_Size 00000200

Symbol: Heap_Size
   Definitions
      At line 59 in file ..\LIB\startup_stm32f071xb.s
   Uses
      At line 63 in file ..\LIB\startup_stm32f071xb.s
      At line 191 in file ..\LIB\startup_stm32f071xb.s

Stack_Size 00000400

Symbol: Stack_Size
   Definitions
      At line 48 in file ..\LIB\startup_stm32f071xb.s
   Uses
      At line 51 in file ..\LIB\startup_stm32f071xb.s
      At line 190 in file ..\LIB\startup_stm32f071xb.s

__Vectors_Size 000000BC

Symbol: __Vectors_Size
   Definitions
      At line 154 in file ..\LIB\startup_stm32f071xb.s
   Uses
      At line 74 in file ..\LIB\startup_stm32f071xb.s
Comment: __Vectors_Size used once
3 symbols



ARM Macro Assembler    Page 1 Alphabetic symbol ordering
External symbols

DMA1_Channel1_IRQHandler 00000000

Symbol: DMA1_Channel1_IRQHandler
   Definitions
      At line 83 in file ..\LIB\startup_stm32f071xb.s
   Uses
      At line 129 in file ..\LIB\startup_stm32f071xb.s
Comment: DMA1_Channel1_IRQHandler used once
DMA1_Channel2_3_IRQHandler 00000000

Symbol: DMA1_Channel2_3_IRQHandler
   Definitions
      At line 84 in file ..\LIB\startup_stm32f071xb.s
   Uses
      At line 130 in file ..\LIB\startup_stm32f071xb.s
Comment: DMA1_Channel2_3_IRQHandler used once
DMA1_Channel4_5_6_7_IRQHandler 00000000

Symbol: DMA1_Channel4_5_6_7_IRQHandler
   Definitions
      At line 85 in file ..\LIB\startup_stm32f071xb.s
   Uses
      At line 131 in file ..\LIB\startup_stm32f071xb.s
Comment: DMA1_Channel4_5_6_7_IRQHandler used once
Default_IRQHandler 00000000

Symbol: Default_IRQHandler
   Definitions
      At line 100 in file ..\LIB\startup_stm32f071xb.s
   Uses
      At line 120 in file ..\LIB\startup_stm32f071xb.s
      At line 121 in file ..\LIB\startup_stm32f071xb.s
      At line 122 in file ..\LIB\startup_stm32f071xb.s
      At line 123 in file ..\LIB\startup_stm32f071xb.s
      At line 124 in file ..\LIB\startup_stm32f071xb.s
      At line 125 in file ..\LIB\startup_stm32f071xb.s
      At line 128 in file ..\LIB\startup_stm32f071xb.s
      At line 132 in file ..\LIB\startup_stm32f071xb.s
      At line 133 in file ..\LIB\startup_stm32f071xb.s
      At line 137 in file ..\LIB\startup_stm32f071xb.s
      At line 138 in file ..\LIB\startup_stm32f071xb.s
      At line 150 in file ..\LIB\startup_stm32f071xb.s

EXTI2_3_IRQHandler 00000000

Symbol: EXTI2_3_IRQHandler
   Definitions
      At line 81 in file ..\LIB\startup_stm32f071xb.s
   Uses
      At line 126 in file ..\LIB\startup_stm32f071xb.s
Comment: EXTI2_3_IRQHandler used once
EXTI4_15_IRQHandler 00000000

Symbol: EXTI4_15_IRQHandler
   Definitions
      At line 82 in file ..\LIB\startup_stm32f071xb.s
   Uses
      At line 127 in file ..\LIB\startup_stm32f071xb.s
Comment: EXTI4_15_IRQHandler used once



ARM Macro Assembler    Page 2 Alphabetic symbol ordering
External symbols

HardFault_Handler 00000000

Symbol: HardFault_Handler
   Definitions
      At line 77 in file ..\LIB\startup_stm32f071xb.s
   Uses
      At line 105 in file ..\LIB\startup_stm32f071xb.s
Comment: HardFault_Handler used once
I2C1_IRQHandler 00000000

Symbol: I2C1_IRQHandler
   Definitions
      At line 88 in file ..\LIB\startup_stm32f071xb.s
   Uses
      At line 143 in file ..\LIB\startup_stm32f071xb.s
Comment: I2C1_IRQHandler used once
I2C2_IRQHandler 00000000

Symbol: I2C2_IRQHandler
   Definitions
      At line 89 in file ..\LIB\startup_stm32f071xb.s
   Uses
      At line 144 in file ..\LIB\startup_stm32f071xb.s
Comment: I2C2_IRQHandler used once
NMI_Handler 00000000

Symbol: NMI_Handler
   Definitions
      At line 76 in file ..\LIB\startup_stm32f071xb.s
   Uses
      At line 104 in file ..\LIB\startup_stm32f071xb.s
Comment: NMI_Handler used once
PendSV_Handler 00000000

Symbol: PendSV_Handler
   Definitions
      At line 79 in file ..\LIB\startup_stm32f071xb.s
   Uses
      At line 116 in file ..\LIB\startup_stm32f071xb.s
Comment: PendSV_Handler used once
SPI1_IRQHandler 00000000

Symbol: SPI1_IRQHandler
   Definitions
      At line 86 in file ..\LIB\startup_stm32f071xb.s
   Uses
      At line 145 in file ..\LIB\startup_stm32f071xb.s
Comment: SPI1_IRQHandler used once
SPI2_IRQHandler 00000000

Symbol: SPI2_IRQHandler
   Definitions
      At line 87 in file ..\LIB\startup_stm32f071xb.s
   Uses
      At line 146 in file ..\LIB\startup_stm32f071xb.s
Comment: SPI2_IRQHandler used once
SVC_Handler 00000000

Symbol: SVC_Handler



ARM Macro Assembler    Page 3 Alphabetic symbol ordering
External symbols

   Definitions
      At line 78 in file ..\LIB\startup_stm32f071xb.s
   Uses
      At line 113 in file ..\LIB\startup_stm32f071xb.s
Comment: SVC_Handler used once
SysTick_Handler 00000000

Symbol: SysTick_Handler
   Definitions
      At line 80 in file ..\LIB\startup_stm32f071xb.s
   Uses
      At line 117 in file ..\LIB\startup_stm32f071xb.s
Comment: SysTick_Handler used once
SystemInit 00000000

Symbol: SystemInit
   Definitions
      At line 162 in file ..\LIB\startup_stm32f071xb.s
   Uses
      At line 163 in file ..\LIB\startup_stm32f071xb.s
Comment: SystemInit used once
TIM14_IRQHandler 00000000

Symbol: TIM14_IRQHandler
   Definitions
      At line 96 in file ..\LIB\startup_stm32f071xb.s
   Uses
      At line 139 in file ..\LIB\startup_stm32f071xb.s
Comment: TIM14_IRQHandler used once
TIM15_IRQHandler 00000000

Symbol: TIM15_IRQHandler
   Definitions
      At line 97 in file ..\LIB\startup_stm32f071xb.s
   Uses
      At line 140 in file ..\LIB\startup_stm32f071xb.s
Comment: TIM15_IRQHandler used once
TIM16_IRQHandler 00000000

Symbol: TIM16_IRQHandler
   Definitions
      At line 98 in file ..\LIB\startup_stm32f071xb.s
   Uses
      At line 141 in file ..\LIB\startup_stm32f071xb.s
Comment: TIM16_IRQHandler used once
TIM17_IRQHandler 00000000

Symbol: TIM17_IRQHandler
   Definitions
      At line 99 in file ..\LIB\startup_stm32f071xb.s
   Uses
      At line 142 in file ..\LIB\startup_stm32f071xb.s
Comment: TIM17_IRQHandler used once
TIM1_CC_IRQHandler 00000000

Symbol: TIM1_CC_IRQHandler
   Definitions
      At line 93 in file ..\LIB\startup_stm32f071xb.s
   Uses



ARM Macro Assembler    Page 4 Alphabetic symbol ordering
External symbols

      At line 134 in file ..\LIB\startup_stm32f071xb.s
Comment: TIM1_CC_IRQHandler used once
TIM2_IRQHandler 00000000

Symbol: TIM2_IRQHandler
   Definitions
      At line 94 in file ..\LIB\startup_stm32f071xb.s
   Uses
      At line 135 in file ..\LIB\startup_stm32f071xb.s
Comment: TIM2_IRQHandler used once
TIM3_IRQHandler 00000000

Symbol: TIM3_IRQHandler
   Definitions
      At line 95 in file ..\LIB\startup_stm32f071xb.s
   Uses
      At line 136 in file ..\LIB\startup_stm32f071xb.s
Comment: TIM3_IRQHandler used once
USART1_IRQHandler 00000000

Symbol: USART1_IRQHandler
   Definitions
      At line 90 in file ..\LIB\startup_stm32f071xb.s
   Uses
      At line 147 in file ..\LIB\startup_stm32f071xb.s
Comment: USART1_IRQHandler used once
USART2_IRQHandler 00000000

Symbol: USART2_IRQHandler
   Definitions
      At line 91 in file ..\LIB\startup_stm32f071xb.s
   Uses
      At line 148 in file ..\LIB\startup_stm32f071xb.s
Comment: USART2_IRQHandler used once
USART3_4_IRQHandler 00000000

Symbol: USART3_4_IRQHandler
   Definitions
      At line 92 in file ..\LIB\startup_stm32f071xb.s
   Uses
      At line 149 in file ..\LIB\startup_stm32f071xb.s
Comment: USART3_4_IRQHandler used once
__main 00000000

Symbol: __main
   Definitions
      At line 161 in file ..\LIB\startup_stm32f071xb.s
   Uses
      At line 165 in file ..\LIB\startup_stm32f071xb.s
Comment: __main used once
__use_two_region_memory 00000000

Symbol: __use_two_region_memory
   Definitions
      At line 184 in file ..\LIB\startup_stm32f071xb.s
   Uses
      None
Comment: __use_two_region_memory unused
28 symbols



ARM Macro Assembler    Page 5 Alphabetic symbol ordering
External symbols

381 symbols in table
